cluster_0_CR:  MovieID
260     3705.0
1198    3703.0
1196    3701.0
858     3699.0
296     3697.0
318     3695.0
593     3693.0
608     3691.0
2858    3689.0
2571    3687.0
dtype: float64 

cluster_1_CR:  MovieID
260     3705.0
1196    3703.0
1198    3701.0
2858    3699.0
2571    3697.0
2028    3695.0
593     3692.0
608     3691.0
318     3688.0
858     3687.0
dtype: float64 

cluster_2_CR:  MovieID
2858    3705.0
260     3703.0
1196    3701.0
1210    3699.0
2028    3697.0
2762    3695.0
527     3693.0
593     3691.0
2396    3689.0
110     3687.0
dtype: float64 
