
1번 AU, AVG :
cluster_0_AU:  MovieID
260     2268.0
1196    2230.0
1198    2217.0
1270    2051.0
2571    2025.0
296     2012.0
593     2012.0
608     2002.0
858     1982.0
1197    1980.0
dtype: float64 

cluster_0_AVG:  MovieID
787     5.00
3245    5.00
853     5.00
1420    5.00
572     5.00
666     5.00
682     5.00
696     5.00
981     5.00
3338    4.91
dtype: float64 

cluster_1_AU:  MovieID
1196    5684.0
260     5570.0
2571    5000.0
1198    4982.0
2858    4919.0
2028    4743.0
1210    4691.0
593     4547.0
608     4541.0
589     4520.0
dtype: float64 

cluster_1_AVG:  MovieID
167     5.0
3881    5.0
3522    5.0
2557    5.0
557     5.0
578     5.0
2063    5.0
1002    5.0
2825    5.0
1360    5.0
dtype: float64 

cluster_2_AU:  MovieID
2858    7927.0
260     5483.0
1210    4927.0
1196    4922.0
2028    4853.0
2762    4701.0
593     4660.0
527     4533.0
2396    4408.0
110     4308.0
dtype: float64 

cluster_2_AVG:  MovieID
3656    5.0
598     5.0
3382    5.0
128     5.0
2192    5.0
3172    5.0
2839    5.0
823     5.0
2962    5.0
3533    5.0
dtype: float64 

################


2번 CS, AV :
cluster_0_SC:  MovieID
2858    7927.0
260     5483.0
1210    4927.0
1196    4922.0
2028    4853.0
2762    4701.0
593     4660.0
527     4533.0
2396    4408.0
110     4308.0
dtype: float64 

cluster_0_AV:  MovieID
3656    5.0
598     5.0
3382    5.0
128     5.0
2192    5.0
3172    5.0
2839    5.0
823     5.0
2962    5.0
3533    5.0
dtype: float64 

cluster_1_SC:  MovieID
2858    7927.0
260     5483.0
1210    4927.0
1196    4922.0
2028    4853.0
2762    4701.0
593     4660.0
527     4533.0
2396    4408.0
110     4308.0
dtype: float64 

cluster_1_AV:  MovieID
3656    5.0
598     5.0
3382    5.0
128     5.0
2192    5.0
3172    5.0
2839    5.0
823     5.0
2962    5.0
3533    5.0
dtype: float64 

cluster_2_SC:  MovieID
2858    7927.0
260     5483.0
1210    4927.0
1196    4922.0
2028    4853.0
2762    4701.0
593     4660.0
527     4533.0
2396    4408.0
110     4308.0
dtype: float64 

cluster_2_AV:  MovieID
3656    5.0
598     5.0
3382    5.0
128     5.0
2192    5.0
3172    5.0
2839    5.0
823     5.0
2962    5.0
3533    5.0
dtype: float64 


3번 BC :
cluster_0_BC:  MovieID
260     255771.0
1198    253471.0
1196    247275.0
593     232124.5
858     230050.0
296     227427.5
608     226826.5
318     224578.0
2571    223097.0
2858    222544.5
dtype: float64 

cluster_1_BC:  MovieID
260     223383.0
1196    222380.5
1198    202108.5
2858    198847.0
2571    198556.0
2028    187875.5
593     185861.5
608     185287.0
318     175631.0
1210    174819.5
dtype: float64 

cluster_2_BC:  MovieID
2858    91613.0
260     61958.5
527     57409.5
2762    56471.0
2028    56290.0
1196    56219.0
593     55254.0
2396    53223.5
2571    52349.5
1210    51049.5
dtype: float64 

